<?xml version="1.0" encoding="UTF-8"?>
<!-- Generated by org.testng.reporters.JUnitReportReporter -->
<testsuite hostname="SFLY-5CD247H55M" failures="0" tests="2" name="testng.sflyOpen" time="10.782" errors="0" timestamp="2025-04-05T22:08:06 IST" skipped="0">
  <testcase classname="testng.sflyOpen" name="sflyOpen" time="4.651"/>
  <testcase classname="testng.sflyOpen" name="sflyOpen" time="6.131"/>
</testsuite> <!-- testng.sflyOpen -->
