<?xml version="1.0" encoding="UTF-8"?>
<!-- Generated by org.testng.reporters.JUnitReportReporter -->
<testsuite hostname="SFLY-5CD247H55M" failures="0" tests="5" name="testng.EnableAnno" time="0.005" errors="0" timestamp="2025-04-05T22:08:06 IST" skipped="1">
  <testcase classname="testng.EnableAnno" name="m1" time="0.000"/>
  <testcase classname="testng.EnableAnno" name="m3" time="0.000"/>
  <testcase classname="testng.EnableAnno" name="m4" time="0.004"/>
  <testcase classname="testng.EnableAnno" name="m1" time="0.001"/>
  <testcase classname="testng.EnableAnno" name="m2">
    <skipped/>
  </testcase> <!-- m2 -->
</testsuite> <!-- testng.EnableAnno -->
