<?xml version="1.0" encoding="UTF-8"?>
<!-- Generated by org.testng.reporters.JUnitReportReporter -->
<testsuite hostname="SFLY-5CD247H55M" failures="0" tests="1" name="testng.ParamOptional" time="41.035" errors="0" timestamp="2025-04-06T09:53:17 IST" skipped="0">
  <testcase classname="testng.ParamOptional" name="MyProjectsPage" time="41.035"/>
</testsuite> <!-- testng.ParamOptional -->
