<?xml version="1.0" encoding="UTF-8"?>
<!-- Generated by org.testng.reporters.JUnitReportReporter -->
<testsuite hostname="SFLY-5CD247H55M" failures="0" tests="1" name="testng.ParamLogin" time="36.026" errors="0" timestamp="2025-04-06T09:39:48 IST" skipped="0">
  <testcase classname="testng.ParamLogin" name="MyProjectsPage" time="36.026"/>
</testsuite> <!-- testng.ParamLogin -->
